64 4  3858.50  39916.25  6062.20  5266526.50
128 4  321.25  74765.13  9977.57  7000777.62
256 4  1005.35  132943.01  14549.44  9700779.50
512 4  1106.41  196632.52  17474.67  11476927.00
1024 4  4408.69  229673.43  13791.20  12476075.50
2048 4  17473.14  212409.41  16547.85  13528236.75
4096 4  29546.98  230287.82  22356.52  13585916.00
8192 4  51739.15  207943.64  21813.82  7270654.45
16384 4  39536.15  226159.68  21241.82  7914804.72
64 8  235.98  39640.84  4934.60  4835511.88
128 8  2997.03  75150.19  8917.23  8043305.00
256 8  4979.57  120491.46  13776.49  10377316.75
512 8  1750.60  160486.18  14869.49  8862522.02
1024 8  13103.17  189395.26  20713.77  12966481.25
2048 8  5249.77  212394.19  18881.23  14092443.75
4096 8  12238.89  239111.22  18379.15  14461236.75
8192 8  32852.94  217960.37  19939.32  11328902.83
16384 8  64919.47  228004.99  19934.40  7696153.25
64 16  512.98  40119.28  16007.02  4507653.50
128 16  2808.99  72207.31  6098.56  6410382.25
256 16  10000.42  143886.09  6072.74  9738889.38
512 16  2114.49  151322.58  12776.96  11238314.50
1024 16  6612.25  201526.54  14421.08  12122998.75
2048 16  18910.75  217138.80  14698.62  13371490.00
4096 16  8956.26  225926.62  17766.81  14161962.25
8192 16  43232.27  222369.49  19167.38  8036860.81
16384 16  61373.38  223411.27  18648.41  8474311.16
64 32  1350.85  37396.72  16308.59  4169600.88
128 32  849.67  78722.24  34075.30  5311689.38
256 32  726.43  153945.51  10918.28  8595683.38
512 32  1213.66  161164.99  16510.83  10865996.50
1024 32  11293.44  191913.96  17581.64  9384276.52
2048 32  6487.20  221052.05  17370.23  13377183.25
4096 32  31415.92  214758.00  19161.96  10801633.47
8192 32  48026.93  228925.70  20470.93  8037404.88
16384 32  33208.97  222917.36  20314.50  8344515.89
64 64  232.22  36190.67  17578.17  3038106.88
128 64  3172.39  76414.13  28867.50  4942221.75
256 64  562.80  140598.17  11083.10  7659436.25
512 64  7951.42  147186.75  11846.52  10281194.25
1024 64  3115.54  200661.54  16133.70  9359250.31
2048 64  21428.24  201687.02  15943.49  13307429.75
4096 64  16127.22  212446.04  18244.05  14168600.50
8192 64  22180.93  212194.83  19687.27  7902519.03
16384 64  31803.33  226774.61  20184.80  8433325.75
32768 64  28168.59  229602.67  21708.09  8808941.16
65536 64  43108.29  227434.53  21026.86  8972818.56
131072 64  65803.74  222082.38  20164.22  10053803.91
262144 64  71689.33  222946.35  20143.38  11512224.50
524288 64  51297.82  113857.14  3401.76  11738872.50
128 128  3314.44  69255.30  32445.66  4155191.06
256 128  1419.81  139702.77  32001.53  6352560.25
512 128  1660.05  170393.60  22699.67  8730262.88
1024 128  12371.25  181895.14  14181.61  11311310.25
2048 128  17987.27  218536.23  16140.45  12201105.00
4096 128  14887.54  232526.96  21089.86  13885044.75
8192 128  33861.76  229175.10  18715.29  7692642.47
16384 128  30300.69  224222.72  21034.25  7919331.81
32768 128  33059.59  225380.11  20380.38  8237094.17
65536 128  39381.66  227937.63  20625.62  8612474.94
131072 128  53349.48  229433.16  20574.21  10663315.88
262144 128  69602.04  223934.93  19894.70  11056335.00
524288 128  58014.50  223464.07  19548.45  10794694.62
256 256  4539.40  145518.42  34819.75  4299140.44
512 256  13415.95  154429.45  10809.47  7009207.25
1024 256  29862.29  201433.25  12496.24  9459184.50
2048 256  23276.37  202043.11  20029.39  12159501.50
4096 256  12868.93  227947.82  20013.93  10127397.08
8192 256  31789.88  235029.71  21446.47  8188200.75
16384 256  49417.71  235770.53  21512.89  8231545.78
32768 256  32955.29  238680.88  19888.67  8653769.91
65536 256  34606.31  240123.70  20108.80  9021491.56
131072 256  48914.96  236180.72  20574.50  9429479.19
262144 256  59932.51  229173.43  19324.87  10600166.75
524288 256  53145.90  223329.94  19876.91  10562157.62
512 512  2306.63  166984.06  15687.22  5021834.62
1024 512  14718.76  204484.19  10968.70  7535662.12
2048 512  15536.82  203903.88  19648.85  9628217.00
4096 512  9296.91  218381.28  17715.78  11623079.75
8192 512  32104.05  227488.80  20181.93  7449573.72
16384 512  28884.15  248442.43  20978.57  8279812.62
32768 512  26720.65  228131.04  20729.31  9113957.25
65536 512  38220.00  238036.04  20800.46  9560322.50
131072 512  50225.29  233280.77  21151.64  9208645.41
262144 512  50161.31  226152.57  19949.09  10760487.25
524288 512  57912.16  223430.12  19369.59  10583686.25
1024 1024  9608.89  197721.64  14892.15  5067235.50
2048 1024  4941.32  191906.35  13607.13  5957387.91
4096 1024  8921.80  232902.57  15390.65  10121772.00
8192 1024  28036.75  225900.60  17007.07  6753644.56
16384 1024  47876.58  234143.99  18497.99  7262196.64
32768 1024  44316.48  228045.88  19996.12  7875511.06
65536 1024  51583.22  234896.43  20698.76  9564138.44
131072 1024  51485.88  231868.88  21347.63  10372197.88
262144 1024  52341.35  230807.54  19747.28  10049397.56
524288 1024  52630.41  221962.60  19490.62  9723908.50
2048 2048  29018.43  209269.64  6854.47  5153619.62
4096 2048  19331.90  219998.88  12557.00  7813726.50
8192 2048  27785.09  219339.70  16383.54  5891538.69
16384 2048  46432.70  227661.04  19251.91  6682821.14
32768 2048  27753.84  231961.07  18754.85  7242708.63
65536 2048  39914.61  235857.25  20324.89  9030702.62
131072 2048  47045.21  235329.05  20031.15  10396057.38
262144 2048  53930.62  229962.81  19708.94  9777074.31
524288 2048  56082.17  222196.96  19413.98  10806980.88
4096 4096  21900.93  177952.24  8026.21  5302256.75
8192 4096  45879.90  227012.91  16270.73  6137811.00
16384 4096  34469.60  233665.54  16420.03  5543776.90
32768 4096  29448.62  234582.43  15780.12  6712773.41
65536 4096  35431.92  236299.58  18556.81  7459105.58
131072 4096  48281.67  233277.50  19530.35  9127520.09
262144 4096  55387.46  232969.71  19491.20  9690574.88
524288 4096  53738.93  225202.03  19242.36  9670732.38
8192 8192  40425.37  216421.39  6397.40  5304567.25
16384 8192  44267.26  229654.32  14102.35  5750090.51
32768 8192  29246.42  226753.52  14594.66  5369519.96
65536 8192  33604.40  235800.38  17871.53  6424686.53
131072 8192  56973.10  234835.62  18564.22  7159909.01
262144 8192  51196.99  225872.23  19482.67  7935149.41
524288 8192  56573.55  223332.37  18998.78  8359012.75
16384 16384  41190.65  224396.17  8443.42  5282904.75
32768 16384  25941.05  232823.84  12285.72  5566835.91
65536 16384  39911.44  231812.83  15348.54  4870477.25
131072 16384  54035.27  230861.22  17797.09  5888651.49
262144 16384  52817.21  230646.61  19201.62  6458917.26
524288 16384  55116.22  222051.23  19341.95  6830260.70
