64 4  100.46  21607.32  3385.13  2948642.25
128 4  225.77  38735.28  5623.13  3945362.25
256 4  173.87  77870.62  6099.41  4924948.50
512 4  7614.65  138974.05  8863.80  5444830.75
1024 4  1037.06  141891.59  26680.14  6328933.00
2048 4  20695.76  172051.63  20475.41  3232959.14
4096 4  45438.99  175265.99  24337.78  6860678.00
8192 4  13652.97  173556.11  18317.59  7028320.50
16384 4  37665.56  179489.17  20216.24  6966359.25
64 8  1329.39  24530.92  2404.60  2649052.75
128 8  2834.11  42634.83  4696.70  3522133.62
256 8  4626.76  77644.89  7808.46  5175558.00
512 8  8843.74  136160.67  8146.69  6788904.75
1024 8  14415.30  149627.40  20792.98  6691058.00
2048 8  15011.43  160054.98  17816.88  3651045.22
4096 8  25394.73  174966.77  23691.41  7344861.75
8192 8  8514.24  185572.62  20015.83  7524223.75
16384 8  16588.56  188779.60  24164.92  7652168.25
64 16  1381.86  20543.09  7881.56  2379540.38
128 16  156.48  33076.02  3070.80  3681251.88
256 16  176.14  74338.34  3314.10  5049705.25
512 16  638.07  134061.48  9399.43  6150705.00
1024 16  1860.33  163718.80  8555.39  3368972.33
2048 16  14160.87  166880.39  15041.52  6857364.00
4096 16  6711.91  185807.66  18669.95  7380697.25
8192 16  11739.01  192836.05  18665.42  7611258.00
16384 16  13235.17  189672.99  17550.50  7631605.75
64 32  77.37  20552.80  7743.81  2274457.19
128 32  2690.61  40933.74  15310.46  3978033.50
256 32  171.70  74815.68  5930.02  4726820.62
512 32  8168.94  136382.13  10113.82  5405372.50
1024 32  13836.99  158980.50  13021.62  6338931.75
2048 32  2540.10  176819.73  15794.04  6871187.00
4096 32  21169.25  182929.47  21279.36  7232151.75
8192 32  13050.57  174818.98  15227.70  7560618.25
16384 32  24700.77  190993.89  19058.00  7993595.00
64 64  99.79  21800.71  8814.50  1827638.00
128 64  234.20  41279.64  16724.18  2861025.00
256 64  265.14  76903.96  5461.62  3645090.25
512 64  8228.07  131611.09  10318.16  5144988.50
1024 64  14114.26  124875.57  8347.23  3122921.66
2048 64  5110.20  172460.72  12728.39  6612440.00
4096 64  3139.39  183939.86  17440.91  6879077.25
8192 64  12508.11  184081.21  16604.08  7352382.25
16384 64  17919.39  181843.20  24063.73  7406646.50
32768 64  31537.52  194544.56  19326.84  7913301.75
65536 64  45964.96  194455.20  20310.00  8087037.75
128 128  2845.81  40336.43  15634.17  2269923.38
256 128  290.45  79840.08  15240.84  3235579.25
512 128  611.98  132373.68  21394.38  4621728.25
1024 128  25913.05  159432.43  21107.39  5713972.75
2048 128  2721.99  165565.81  20598.66  6084502.50
4096 128  5405.77  174047.54  17646.13  6840703.00
8192 128  13225.10  191432.26  21938.75  7216834.75
16384 128  24283.00  187406.96  22495.98  7973904.75
32768 128  21881.71  189700.85  20614.59  7915607.50
65536 128  29920.63  193583.28  20092.10  7857506.75
256 256  357.32  50353.79  26768.85  2388759.00
512 256  8325.21  2848.15  16842.11  3949078.62
1024 256  730.73  156651.93  38383.23  4574649.50
2048 256  1774.52  175676.73  29138.78  6131947.00
4096 256  24630.96  174064.47  18751.41  6761928.00
8192 256  4671.07  174810.42  21841.20  7431908.00
16384 256  20651.48  192038.87  21136.73  7454638.75
32768 256  21870.89  185279.02  20621.51  7825837.00
65536 256  47769.82  194980.05  20878.02  7719511.25
512 512  475.84  127247.32  19329.49  2532347.38
1024 512  1750.03  152358.46  20384.97  3811339.88
2048 512  17024.93  167656.16  19070.43  5177019.00
4096 512  47791.86  178061.39  20393.16  5889394.75
8192 512  14237.43  180274.80  22481.08  6746680.00
16384 512  16209.41  182548.09  21485.88  7276812.25
32768 512  35033.23  195115.76  22974.92  7833441.00
65536 512  46408.95  189133.03  20150.20  7887745.25
1024 1024  1319.02  148640.36  16901.88  2660460.38
2048 1024  3103.79  160481.72  46939.71  3919148.50
4096 1024  28695.22  157811.86  21306.02  5168688.75
8192 1024  12169.78  178307.30  19322.27  6259336.00
16384 1024  19286.14  190531.18  23084.47  6982172.25
32768 1024  18915.67  186967.78  20834.68  7430548.25
65536 1024  48802.86  194846.62  20294.10  6886532.50
2048 2048  20044.51  159014.70  11771.05  2628671.62
4096 2048  26198.51  169384.70  24659.57  3837041.75
8192 2048  9625.52  187248.81  17947.32  5446363.00
16384 2048  14348.70  183551.07  20614.34  6560988.00
32768 2048  33314.90  192615.37  19279.42  7190949.00
65536 2048  35133.83  194282.16  21532.75  7353084.25
4096 4096  6138.65  176722.45  16529.58  2645544.00
8192 4096  9517.79  180011.42  16243.28  4034156.12
16384 4096  45110.10  184333.35  17260.92  5402260.50
32768 4096  19243.70  190391.20  21445.43  6155378.75
65536 4096  40382.48  193470.38  19318.97  6983979.00
8192 8192  16103.83  180690.82  19030.90  2640273.62
16384 8192  19551.84  182249.23  19335.85  3979120.62
32768 8192  28835.58  189578.17  21614.45  5338824.50
65536 8192  37782.47  189003.34  20050.20  6324715.75
16384 16384  16393.75  175706.09  10611.78  2644180.38
32768 16384  21203.63  184510.24  16671.72  3821375.00
65536 16384  37175.94  194120.02  20429.22  4868930.50
131072 16384  38316.66  189232.97  20274.98  5192561.75
131072 8192  43137.35  189501.39  20761.96  6826001.75
131072 4096  38585.79  192984.76  21156.19  7530114.75
131072 2048  50465.30  191009.31  21167.46  7696150.75
131072 1024  35851.76  189790.39  20934.21  7984054.00
131072 512  41107.74  193835.20  20967.62  8008626.75
262144 16384  50279.85  188131.08  20295.87  6228054.75
262144 8192  50466.78  187155.73  19647.57  7280697.00
262144 4096  44510.24  186207.95  20440.32  7687521.25
262144 2048  49211.05  187514.39  20659.84  7149965.75
262144 1024  48768.22  187056.04  19991.72  7885960.50
262144 512  50221.26  184670.77  20008.10  7096337.00
524288 16384  44435.38  183930.55  20187.87  6631559.75
524288 8192  57424.12  184848.12  20281.30  6901285.75
524288 4096  42124.58  185707.84  19881.92  7792397.25
524288 2048  54819.29  185149.45  19881.22  8023919.25
524288 1024  52462.29  183764.35  19505.88  7847754.75
524288 512  49611.68  186443.77  19743.17  7979266.00
131072 64  50665.82  194920.79  21092.74  8311883.00
262144 64  44191.95  184712.16  20089.66  8463144.50
524288 64  50056.20  184428.97  20118.13  8073503.50
131072 128  48892.62  192553.83  20386.41  8152283.75
262144 128  49968.44  188815.44  20202.36  8229762.75
524288 128  48252.64  182540.98  19477.53  7687854.25
131072 256  46820.61  190629.64  20961.48  8165272.00
262144 256  51672.54  188646.48  20001.54  8056629.50
524288 256  49108.66  183656.24  19065.01  7656725.25
